<?xml version="1.0" encoding="UTF-8"?>
<!-- Generated by org.testng.reporters.JUnitReportReporter -->
<testsuite hostname="SagarPawar" failures="0" tests="1" name="TestNG.Soft_Assert" time="10.222" errors="0" timestamp="2023-05-04T10:01:42 IST" skipped="0">
  <testcase classname="TestNG.Soft_Assert" name="LaunchBrowser" time="10.222"/>
  <system-out/>
</testsuite> <!-- TestNG.Soft_Assert -->
