<?xml version="1.0" encoding="UTF-8"?>
<!-- Generated by org.testng.reporters.JUnitReportReporter -->
<testsuite hostname="SagarPawar" failures="0" tests="2" name="TestNG.TestNG1" time="0.027" errors="0" timestamp="2023-05-03T09:15:20 IST" skipped="0">
  <testcase classname="TestNG.TestNG1" name="k" time="0.003"/>
  <system-out>
    <![CDATA[sagarp]]>
  </system-out>
  <testcase classname="TestNG.TestNG1" name="g" time="0.024"/>
  <system-out>
    <![CDATA[sagar]]>
  </system-out>
</testsuite> <!-- TestNG.TestNG1 -->
