<?xml version="1.0" encoding="UTF-8"?>
<!-- Generated by org.testng.reporters.JUnitReportReporter -->
<testsuite hostname="SagarPawar" failures="0" tests="1" name="TestNG.Annotation" time="14.524" errors="0" timestamp="2023-05-03T09:48:06 IST" skipped="0">
  <testcase classname="TestNG.Annotation" name="Test" time="14.524"/>
  <system-out>
    <![CDATA[Test Succefully]]>
  </system-out>
</testsuite> <!-- TestNG.Annotation -->
