<?xml version="1.0" encoding="UTF-8"?>
<!-- Generated by org.testng.reporters.JUnitReportReporter -->
<testsuite hostname="SagarPawar" failures="0" tests="1" name="TestNG.Screenshot" time="29.346" errors="0" timestamp="2023-05-08T10:39:26 IST" skipped="0">
  <testcase classname="TestNG.Screenshot" name="Screenshots" time="29.346"/>
  <system-out/>
</testsuite> <!-- TestNG.Screenshot -->
