<?xml version="1.0" encoding="UTF-8"?>
<!-- Generated by org.testng.reporters.JUnitReportReporter -->
<testsuite hostname="SagarPawar" failures="0" tests="5" name="TestNG.TestNG2" time="0.023" errors="0" timestamp="2023-05-03T09:15:20 IST" skipped="0">
  <testcase classname="TestNG.TestNG2" name="CustomertDelete" time="0.004"/>
  <system-out>
    <![CDATA[Customer Deleted Succefully]]>
  </system-out>
  <testcase classname="TestNG.TestNG2" name="CustomerEdit" time="0.003"/>
  <system-out>
    <![CDATA[Customer Edited Succefully]]>
  </system-out>
  <testcase classname="TestNG.TestNG2" name="CustomerCreate" time="0.004"/>
  <system-out>
    <![CDATA[Customer Created Succefully]]>
  </system-out>
  <testcase classname="TestNG.TestNG2" name="CustomerCreate" time="0.006"/>
  <system-out>
    <![CDATA[Customer Created Succefully]]>
  </system-out>
  <testcase classname="TestNG.TestNG2" name="CustomerCreate" time="0.006"/>
  <system-out>
    <![CDATA[Customer Created Succefully]]>
  </system-out>
</testsuite> <!-- TestNG.TestNG2 -->
